IF-MIB::ifHCInUcastPkts.1 7426255
IF-MIB::ifHCInUcastPkts.2 5584341
IF-MIB::ifHCInUcastPkts.18 12270
IF-MIB::ifHCInUcastPkts.33 1018
IF-MIB::ifHCInUcastPkts.34 2
IF-MIB::ifHCInUcastPkts.35 2
IF-MIB::ifHCInUcastPkts.36 2
IF-MIB::ifHCInUcastPkts.38 220
IF-MIB::ifHCInUcastPkts.39 3542
IF-MIB::ifHCInUcastPkts.40 26
IF-MIB::ifHCInUcastPkts.41 7612
IF-MIB::ifHCInUcastPkts.999001 531
IF-MIB::ifHCOutUcastPkts.1 85
IF-MIB::ifHCOutUcastPkts.2 89
IF-MIB::ifHCOutUcastPkts.18 6156
IF-MIB::ifHCOutUcastPkts.33 513
IF-MIB::ifHCOutUcastPkts.34 1
IF-MIB::ifHCOutUcastPkts.35 1
IF-MIB::ifHCOutUcastPkts.36 1
IF-MIB::ifHCOutUcastPkts.38 7420156
IF-MIB::ifHCOutUcastPkts.39 2498
IF-MIB::ifHCOutUcastPkts.40 28
IF-MIB::ifHCOutUcastPkts.41 15286
IF-MIB::ifHCOutUcastPkts.999001 528
IF-MIB::ifOutDiscards.38 5581416
