IF-MIB::ifHCInUcastPkts.1 8265866
IF-MIB::ifHCInUcastPkts.2 7298882
IF-MIB::ifHCInUcastPkts.18 25621
IF-MIB::ifHCInUcastPkts.33 1950
IF-MIB::ifHCInUcastPkts.34 4
IF-MIB::ifHCInUcastPkts.35 2
IF-MIB::ifHCInUcastPkts.36 2
IF-MIB::ifHCInUcastPkts.38 303
IF-MIB::ifHCInUcastPkts.39 3544
IF-MIB::ifHCInUcastPkts.40 29
IF-MIB::ifHCInUcastPkts.41 20493
IF-MIB::ifHCInUcastPkts.999001 796
IF-MIB::ifHCOutUcastPkts.1 161
IF-MIB::ifHCOutUcastPkts.2 89
IF-MIB::ifHCOutUcastPkts.18 19969
IF-MIB::ifHCOutUcastPkts.33 985
IF-MIB::ifHCOutUcastPkts.34 2
IF-MIB::ifHCOutUcastPkts.35 1
IF-MIB::ifHCOutUcastPkts.36 1
IF-MIB::ifHCOutUcastPkts.38 9134823
IF-MIB::ifHCOutUcastPkts.39 2502
IF-MIB::ifHCOutUcastPkts.40 31
IF-MIB::ifHCOutUcastPkts.41 28166
IF-MIB::ifHCOutUcastPkts.999001 792
IF-MIB::ifOutDiscards.38 6427486
